[ 2015-10-20T14:49:26+08:00 ] ::1 /exhibition/index.php/Home/Admin/admin
NOTIC: [8] Use of undefined constant name - assumed 'name' /Applications/XAMPP/xamppfiles/htdocs/exhibition/Application/Common/Conf/debug.php 第 3 行.
NOTIC: [8] Use of undefined constant age - assumed 'age' /Applications/XAMPP/xamppfiles/htdocs/exhibition/Application/Common/Conf/debug.php 第 4 行.
ERR: 无法加载控制器:Admin

[ 2015-10-20T14:50:09+08:00 ] ::1 /exhibition/index.php/Home/Index/
NOTIC: [8] Use of undefined constant name - assumed 'name' /Applications/XAMPP/xamppfiles/htdocs/exhibition/Application/Common/Conf/debug.php 第 3 行.
NOTIC: [8] Use of undefined constant age - assumed 'age' /Applications/XAMPP/xamppfiles/htdocs/exhibition/Application/Common/Conf/debug.php 第 4 行.

[ 2015-10-20T14:50:09+08:00 ] ::1 /exhibition/index.php/Home/Index/data
NOTIC: [8] Use of undefined constant name - assumed 'name' /Applications/XAMPP/xamppfiles/htdocs/exhibition/Application/Common/Conf/debug.php 第 3 行.
NOTIC: [8] Use of undefined constant age - assumed 'age' /Applications/XAMPP/xamppfiles/htdocs/exhibition/Application/Common/Conf/debug.php 第 4 行.
INFO: [ app_begin ] --START--
INFO: Run Behavior\ReadHtmlCacheBehavior [ RunTime:0.000488s ]
INFO: [ app_begin ] --END-- [ RunTime:0.000542s ]
SQL: SHOW COLUMNS FROM `group` [ RunTime:0.0035s ]
SQL: SHOW COLUMNS FROM `team` [ RunTime:0.0028s ]
SQL: SELECT `group` FROM `group`  [ RunTime:0.0003s ]
SQL: SELECT `team` FROM `team` WHERE ( belongs='良辰' )  [ RunTime:0.0003s ]

[ 2015-10-20T14:50:09+08:00 ] ::1 /exhibition/index.php/Home/Index/bg
NOTIC: [8] Use of undefined constant name - assumed 'name' /Applications/XAMPP/xamppfiles/htdocs/exhibition/Application/Common/Conf/debug.php 第 3 行.
NOTIC: [8] Use of undefined constant age - assumed 'age' /Applications/XAMPP/xamppfiles/htdocs/exhibition/Application/Common/Conf/debug.php 第 4 行.
INFO: [ app_begin ] --START--
INFO: Run Behavior\ReadHtmlCacheBehavior [ RunTime:0.000440s ]
INFO: [ app_begin ] --END-- [ RunTime:0.000486s ]
SQL: SHOW COLUMNS FROM `bgi` [ RunTime:0.0031s ]
SQL: SELECT * FROM `bgi` WHERE ( ID=1 )  [ RunTime:0.0002s ]

[ 2015-10-20T14:50:09+08:00 ] ::1 /exhibition/index.php/Home/Uploads/2015-10-20/5625c898a1019.JPG
NOTIC: [8] Use of undefined constant name - assumed 'name' /Applications/XAMPP/xamppfiles/htdocs/exhibition/Application/Common/Conf/debug.php 第 3 行.
NOTIC: [8] Use of undefined constant age - assumed 'age' /Applications/XAMPP/xamppfiles/htdocs/exhibition/Application/Common/Conf/debug.php 第 4 行.

[ 2015-10-20T14:50:10+08:00 ] ::1 /exhibition/index.php/Home/Index/
NOTIC: [8] Use of undefined constant name - assumed 'name' /Applications/XAMPP/xamppfiles/htdocs/exhibition/Application/Common/Conf/debug.php 第 3 行.
NOTIC: [8] Use of undefined constant age - assumed 'age' /Applications/XAMPP/xamppfiles/htdocs/exhibition/Application/Common/Conf/debug.php 第 4 行.

[ 2015-10-20T14:50:11+08:00 ] ::1 /exhibition/index.php/Home/Index/bg
NOTIC: [8] Use of undefined constant name - assumed 'name' /Applications/XAMPP/xamppfiles/htdocs/exhibition/Application/Common/Conf/debug.php 第 3 行.
NOTIC: [8] Use of undefined constant age - assumed 'age' /Applications/XAMPP/xamppfiles/htdocs/exhibition/Application/Common/Conf/debug.php 第 4 行.
INFO: [ app_begin ] --START--
INFO: Run Behavior\ReadHtmlCacheBehavior [ RunTime:0.000368s ]
INFO: [ app_begin ] --END-- [ RunTime:0.000410s ]
SQL: SHOW COLUMNS FROM `bgi` [ RunTime:0.0043s ]
SQL: SELECT * FROM `bgi` WHERE ( ID=1 )  [ RunTime:0.0003s ]

[ 2015-10-20T14:50:11+08:00 ] ::1 /exhibition/index.php/Home/Index/data
NOTIC: [8] Use of undefined constant name - assumed 'name' /Applications/XAMPP/xamppfiles/htdocs/exhibition/Application/Common/Conf/debug.php 第 3 行.
NOTIC: [8] Use of undefined constant age - assumed 'age' /Applications/XAMPP/xamppfiles/htdocs/exhibition/Application/Common/Conf/debug.php 第 4 行.
INFO: [ app_begin ] --START--
INFO: Run Behavior\ReadHtmlCacheBehavior [ RunTime:0.000539s ]
INFO: [ app_begin ] --END-- [ RunTime:0.000608s ]
SQL: SHOW COLUMNS FROM `group` [ RunTime:0.0035s ]
SQL: SHOW COLUMNS FROM `team` [ RunTime:0.0039s ]
SQL: SELECT `group` FROM `group`  [ RunTime:0.0003s ]
SQL: SELECT `team` FROM `team` WHERE ( belongs='良辰' )  [ RunTime:0.0002s ]

[ 2015-10-20T14:50:11+08:00 ] ::1 /exhibition/index.php/Home/Uploads/2015-10-20/5625c898a1019.JPG
NOTIC: [8] Use of undefined constant name - assumed 'name' /Applications/XAMPP/xamppfiles/htdocs/exhibition/Application/Common/Conf/debug.php 第 3 行.
NOTIC: [8] Use of undefined constant age - assumed 'age' /Applications/XAMPP/xamppfiles/htdocs/exhibition/Application/Common/Conf/debug.php 第 4 行.

[ 2015-10-20T14:50:11+08:00 ] ::1 /exhibition/index.php/Home/Index/
NOTIC: [8] Use of undefined constant name - assumed 'name' /Applications/XAMPP/xamppfiles/htdocs/exhibition/Application/Common/Conf/debug.php 第 3 行.
NOTIC: [8] Use of undefined constant age - assumed 'age' /Applications/XAMPP/xamppfiles/htdocs/exhibition/Application/Common/Conf/debug.php 第 4 行.

[ 2015-10-20T14:50:11+08:00 ] ::1 /exhibition/index.php/Home/Index/data
NOTIC: [8] Use of undefined constant name - assumed 'name' /Applications/XAMPP/xamppfiles/htdocs/exhibition/Application/Common/Conf/debug.php 第 3 行.
NOTIC: [8] Use of undefined constant age - assumed 'age' /Applications/XAMPP/xamppfiles/htdocs/exhibition/Application/Common/Conf/debug.php 第 4 行.
INFO: [ app_begin ] --START--
INFO: Run Behavior\ReadHtmlCacheBehavior [ RunTime:0.000289s ]
INFO: [ app_begin ] --END-- [ RunTime:0.000317s ]
SQL: SHOW COLUMNS FROM `group` [ RunTime:0.0058s ]
SQL: SHOW COLUMNS FROM `team` [ RunTime:0.0040s ]
SQL: SELECT `group` FROM `group`  [ RunTime:0.0003s ]
SQL: SELECT `team` FROM `team` WHERE ( belongs='良辰' )  [ RunTime:0.0003s ]

[ 2015-10-20T14:50:11+08:00 ] ::1 /exhibition/index.php/Home/Index/bg
NOTIC: [8] Use of undefined constant name - assumed 'name' /Applications/XAMPP/xamppfiles/htdocs/exhibition/Application/Common/Conf/debug.php 第 3 行.
NOTIC: [8] Use of undefined constant age - assumed 'age' /Applications/XAMPP/xamppfiles/htdocs/exhibition/Application/Common/Conf/debug.php 第 4 行.
INFO: [ app_begin ] --START--
INFO: Run Behavior\ReadHtmlCacheBehavior [ RunTime:0.000281s ]
INFO: [ app_begin ] --END-- [ RunTime:0.000309s ]
SQL: SHOW COLUMNS FROM `bgi` [ RunTime:0.0031s ]
SQL: SELECT * FROM `bgi` WHERE ( ID=1 )  [ RunTime:0.0002s ]

[ 2015-10-20T14:50:11+08:00 ] ::1 /exhibition/index.php/Home/Uploads/2015-10-20/5625c898a1019.JPG
NOTIC: [8] Use of undefined constant name - assumed 'name' /Applications/XAMPP/xamppfiles/htdocs/exhibition/Application/Common/Conf/debug.php 第 3 行.
NOTIC: [8] Use of undefined constant age - assumed 'age' /Applications/XAMPP/xamppfiles/htdocs/exhibition/Application/Common/Conf/debug.php 第 4 行.

[ 2015-10-20T14:50:11+08:00 ] ::1 /exhibition/index.php/Home/Index/
NOTIC: [8] Use of undefined constant name - assumed 'name' /Applications/XAMPP/xamppfiles/htdocs/exhibition/Application/Common/Conf/debug.php 第 3 行.
NOTIC: [8] Use of undefined constant age - assumed 'age' /Applications/XAMPP/xamppfiles/htdocs/exhibition/Application/Common/Conf/debug.php 第 4 行.

[ 2015-10-20T14:50:12+08:00 ] ::1 /exhibition/index.php/Home/Index/data
NOTIC: [8] Use of undefined constant name - assumed 'name' /Applications/XAMPP/xamppfiles/htdocs/exhibition/Application/Common/Conf/debug.php 第 3 行.
NOTIC: [8] Use of undefined constant age - assumed 'age' /Applications/XAMPP/xamppfiles/htdocs/exhibition/Application/Common/Conf/debug.php 第 4 行.
INFO: [ app_begin ] --START--
INFO: Run Behavior\ReadHtmlCacheBehavior [ RunTime:0.000282s ]
INFO: [ app_begin ] --END-- [ RunTime:0.000310s ]
SQL: SHOW COLUMNS FROM `group` [ RunTime:0.0064s ]
SQL: SHOW COLUMNS FROM `team` [ RunTime:0.0037s ]
SQL: SELECT `group` FROM `group`  [ RunTime:0.0003s ]
SQL: SELECT `team` FROM `team` WHERE ( belongs='良辰' )  [ RunTime:0.0003s ]

[ 2015-10-20T14:50:12+08:00 ] ::1 /exhibition/index.php/Home/Index/bg
NOTIC: [8] Use of undefined constant name - assumed 'name' /Applications/XAMPP/xamppfiles/htdocs/exhibition/Application/Common/Conf/debug.php 第 3 行.
NOTIC: [8] Use of undefined constant age - assumed 'age' /Applications/XAMPP/xamppfiles/htdocs/exhibition/Application/Common/Conf/debug.php 第 4 行.
INFO: [ app_begin ] --START--
INFO: Run Behavior\ReadHtmlCacheBehavior [ RunTime:0.000281s ]
INFO: [ app_begin ] --END-- [ RunTime:0.000310s ]
SQL: SHOW COLUMNS FROM `bgi` [ RunTime:0.0056s ]
SQL: SELECT * FROM `bgi` WHERE ( ID=1 )  [ RunTime:0.0003s ]

[ 2015-10-20T14:50:12+08:00 ] ::1 /exhibition/index.php/Home/Uploads/2015-10-20/5625c898a1019.JPG
NOTIC: [8] Use of undefined constant name - assumed 'name' /Applications/XAMPP/xamppfiles/htdocs/exhibition/Application/Common/Conf/debug.php 第 3 行.
NOTIC: [8] Use of undefined constant age - assumed 'age' /Applications/XAMPP/xamppfiles/htdocs/exhibition/Application/Common/Conf/debug.php 第 4 行.

[ 2015-10-20T14:50:12+08:00 ] ::1 /exhibition/index.php/Home/Index/
NOTIC: [8] Use of undefined constant name - assumed 'name' /Applications/XAMPP/xamppfiles/htdocs/exhibition/Application/Common/Conf/debug.php 第 3 行.
NOTIC: [8] Use of undefined constant age - assumed 'age' /Applications/XAMPP/xamppfiles/htdocs/exhibition/Application/Common/Conf/debug.php 第 4 行.

[ 2015-10-20T14:50:12+08:00 ] ::1 /exhibition/index.php/Home/Index/data
NOTIC: [8] Use of undefined constant name - assumed 'name' /Applications/XAMPP/xamppfiles/htdocs/exhibition/Application/Common/Conf/debug.php 第 3 行.
NOTIC: [8] Use of undefined constant age - assumed 'age' /Applications/XAMPP/xamppfiles/htdocs/exhibition/Application/Common/Conf/debug.php 第 4 行.
INFO: [ app_begin ] --START--
INFO: Run Behavior\ReadHtmlCacheBehavior [ RunTime:0.000303s ]
INFO: [ app_begin ] --END-- [ RunTime:0.000334s ]
SQL: SHOW COLUMNS FROM `group` [ RunTime:0.0031s ]
SQL: SHOW COLUMNS FROM `team` [ RunTime:0.0039s ]
SQL: SELECT `group` FROM `group`  [ RunTime:0.0002s ]
SQL: SELECT `team` FROM `team` WHERE ( belongs='良辰' )  [ RunTime:0.0002s ]

[ 2015-10-20T14:50:12+08:00 ] ::1 /exhibition/index.php/Home/Index/bg
NOTIC: [8] Use of undefined constant name - assumed 'name' /Applications/XAMPP/xamppfiles/htdocs/exhibition/Application/Common/Conf/debug.php 第 3 行.
NOTIC: [8] Use of undefined constant age - assumed 'age' /Applications/XAMPP/xamppfiles/htdocs/exhibition/Application/Common/Conf/debug.php 第 4 行.
INFO: [ app_begin ] --START--
INFO: Run Behavior\ReadHtmlCacheBehavior [ RunTime:0.000287s ]
INFO: [ app_begin ] --END-- [ RunTime:0.000317s ]
SQL: SHOW COLUMNS FROM `bgi` [ RunTime:0.0032s ]
SQL: SELECT * FROM `bgi` WHERE ( ID=1 )  [ RunTime:0.0002s ]

[ 2015-10-20T14:50:12+08:00 ] ::1 /exhibition/index.php/Home/Uploads/2015-10-20/5625c898a1019.JPG
NOTIC: [8] Use of undefined constant name - assumed 'name' /Applications/XAMPP/xamppfiles/htdocs/exhibition/Application/Common/Conf/debug.php 第 3 行.
NOTIC: [8] Use of undefined constant age - assumed 'age' /Applications/XAMPP/xamppfiles/htdocs/exhibition/Application/Common/Conf/debug.php 第 4 行.

[ 2015-10-20T14:50:53+08:00 ] ::1 /exhibition/index.php/Home/Index/
NOTIC: [8] Use of undefined constant name - assumed 'name' /Applications/XAMPP/xamppfiles/htdocs/exhibition/Application/Common/Conf/debug.php 第 3 行.
NOTIC: [8] Use of undefined constant age - assumed 'age' /Applications/XAMPP/xamppfiles/htdocs/exhibition/Application/Common/Conf/debug.php 第 4 行.

[ 2015-10-20T14:50:53+08:00 ] ::1 /exhibition/index.php/Home/Index/bg
NOTIC: [8] Use of undefined constant name - assumed 'name' /Applications/XAMPP/xamppfiles/htdocs/exhibition/Application/Common/Conf/debug.php 第 3 行.
NOTIC: [8] Use of undefined constant age - assumed 'age' /Applications/XAMPP/xamppfiles/htdocs/exhibition/Application/Common/Conf/debug.php 第 4 行.
INFO: [ app_begin ] --START--
INFO: Run Behavior\ReadHtmlCacheBehavior [ RunTime:0.000498s ]
INFO: [ app_begin ] --END-- [ RunTime:0.000564s ]
SQL: SHOW COLUMNS FROM `bgi` [ RunTime:0.0036s ]
SQL: SELECT * FROM `bgi` WHERE ( ID=1 )  [ RunTime:0.0002s ]

[ 2015-10-20T14:50:53+08:00 ] ::1 /exhibition/index.php/Home/Uploads/2015-10-20/5625c898a1019.JPG
NOTIC: [8] Use of undefined constant name - assumed 'name' /Applications/XAMPP/xamppfiles/htdocs/exhibition/Application/Common/Conf/debug.php 第 3 行.
NOTIC: [8] Use of undefined constant age - assumed 'age' /Applications/XAMPP/xamppfiles/htdocs/exhibition/Application/Common/Conf/debug.php 第 4 行.

[ 2015-10-20T14:50:53+08:00 ] ::1 /exhibition/index.php/Home/Index/data
NOTIC: [8] Use of undefined constant name - assumed 'name' /Applications/XAMPP/xamppfiles/htdocs/exhibition/Application/Common/Conf/debug.php 第 3 行.
NOTIC: [8] Use of undefined constant age - assumed 'age' /Applications/XAMPP/xamppfiles/htdocs/exhibition/Application/Common/Conf/debug.php 第 4 行.
INFO: [ app_begin ] --START--
INFO: Run Behavior\ReadHtmlCacheBehavior [ RunTime:0.000680s ]
INFO: [ app_begin ] --END-- [ RunTime:0.000737s ]
SQL: SHOW COLUMNS FROM `group` [ RunTime:0.0045s ]
SQL: SHOW COLUMNS FROM `team` [ RunTime:0.0066s ]
SQL: SELECT `group` FROM `group`  [ RunTime:0.0003s ]
SQL: SELECT `team` FROM `team` WHERE ( belongs='良辰' )  [ RunTime:0.0003s ]

[ 2015-10-20T14:50:54+08:00 ] ::1 /exhibition/index.php/Home/Index/
NOTIC: [8] Use of undefined constant name - assumed 'name' /Applications/XAMPP/xamppfiles/htdocs/exhibition/Application/Common/Conf/debug.php 第 3 行.
NOTIC: [8] Use of undefined constant age - assumed 'age' /Applications/XAMPP/xamppfiles/htdocs/exhibition/Application/Common/Conf/debug.php 第 4 行.

[ 2015-10-20T14:50:54+08:00 ] ::1 /exhibition/index.php/Home/Index/bg
NOTIC: [8] Use of undefined constant name - assumed 'name' /Applications/XAMPP/xamppfiles/htdocs/exhibition/Application/Common/Conf/debug.php 第 3 行.
NOTIC: [8] Use of undefined constant age - assumed 'age' /Applications/XAMPP/xamppfiles/htdocs/exhibition/Application/Common/Conf/debug.php 第 4 行.
INFO: [ app_begin ] --START--
INFO: Run Behavior\ReadHtmlCacheBehavior [ RunTime:0.001933s ]
INFO: [ app_begin ] --END-- [ RunTime:0.001990s ]
SQL: SHOW COLUMNS FROM `bgi` [ RunTime:0.0064s ]
SQL: SELECT * FROM `bgi` WHERE ( ID=1 )  [ RunTime:0.0005s ]

[ 2015-10-20T14:50:54+08:00 ] ::1 /exhibition/index.php/Home/Index/data
NOTIC: [8] Use of undefined constant name - assumed 'name' /Applications/XAMPP/xamppfiles/htdocs/exhibition/Application/Common/Conf/debug.php 第 3 行.
NOTIC: [8] Use of undefined constant age - assumed 'age' /Applications/XAMPP/xamppfiles/htdocs/exhibition/Application/Common/Conf/debug.php 第 4 行.
INFO: [ app_begin ] --START--
INFO: Run Behavior\ReadHtmlCacheBehavior [ RunTime:0.000346s ]
INFO: [ app_begin ] --END-- [ RunTime:0.000384s ]
SQL: SHOW COLUMNS FROM `group` [ RunTime:0.0033s ]
SQL: SHOW COLUMNS FROM `team` [ RunTime:0.0040s ]
SQL: SELECT `group` FROM `group`  [ RunTime:0.0003s ]
SQL: SELECT `team` FROM `team` WHERE ( belongs='良辰' )  [ RunTime:0.0003s ]

[ 2015-10-20T14:50:54+08:00 ] ::1 /exhibition/index.php/Home/Uploads/2015-10-20/5625c898a1019.JPG
NOTIC: [8] Use of undefined constant name - assumed 'name' /Applications/XAMPP/xamppfiles/htdocs/exhibition/Application/Common/Conf/debug.php 第 3 行.
NOTIC: [8] Use of undefined constant age - assumed 'age' /Applications/XAMPP/xamppfiles/htdocs/exhibition/Application/Common/Conf/debug.php 第 4 行.

[ 2015-10-20T14:50:55+08:00 ] ::1 /exhibition/index.php/Home/Index/
NOTIC: [8] Use of undefined constant name - assumed 'name' /Applications/XAMPP/xamppfiles/htdocs/exhibition/Application/Common/Conf/debug.php 第 3 行.
NOTIC: [8] Use of undefined constant age - assumed 'age' /Applications/XAMPP/xamppfiles/htdocs/exhibition/Application/Common/Conf/debug.php 第 4 行.

[ 2015-10-20T14:50:55+08:00 ] ::1 /exhibition/index.php/Home/Index/data
NOTIC: [8] Use of undefined constant name - assumed 'name' /Applications/XAMPP/xamppfiles/htdocs/exhibition/Application/Common/Conf/debug.php 第 3 行.
NOTIC: [8] Use of undefined constant age - assumed 'age' /Applications/XAMPP/xamppfiles/htdocs/exhibition/Application/Common/Conf/debug.php 第 4 行.
INFO: [ app_begin ] --START--
INFO: Run Behavior\ReadHtmlCacheBehavior [ RunTime:0.000456s ]
INFO: [ app_begin ] --END-- [ RunTime:0.000503s ]
SQL: SHOW COLUMNS FROM `group` [ RunTime:0.0056s ]
SQL: SHOW COLUMNS FROM `team` [ RunTime:0.0075s ]
SQL: SELECT `group` FROM `group`  [ RunTime:0.0002s ]
SQL: SELECT `team` FROM `team` WHERE ( belongs='良辰' )  [ RunTime:0.0003s ]

[ 2015-10-20T14:50:55+08:00 ] ::1 /exhibition/index.php/Home/Index/bg
NOTIC: [8] Use of undefined constant name - assumed 'name' /Applications/XAMPP/xamppfiles/htdocs/exhibition/Application/Common/Conf/debug.php 第 3 行.
NOTIC: [8] Use of undefined constant age - assumed 'age' /Applications/XAMPP/xamppfiles/htdocs/exhibition/Application/Common/Conf/debug.php 第 4 行.
INFO: [ app_begin ] --START--
INFO: Run Behavior\ReadHtmlCacheBehavior [ RunTime:0.000433s ]
INFO: [ app_begin ] --END-- [ RunTime:0.000476s ]
SQL: SHOW COLUMNS FROM `bgi` [ RunTime:0.0058s ]
SQL: SELECT * FROM `bgi` WHERE ( ID=1 )  [ RunTime:0.0002s ]

[ 2015-10-20T14:50:55+08:00 ] ::1 /exhibition/index.php/Home/Uploads/2015-10-20/5625c898a1019.JPG
NOTIC: [8] Use of undefined constant name - assumed 'name' /Applications/XAMPP/xamppfiles/htdocs/exhibition/Application/Common/Conf/debug.php 第 3 行.
NOTIC: [8] Use of undefined constant age - assumed 'age' /Applications/XAMPP/xamppfiles/htdocs/exhibition/Application/Common/Conf/debug.php 第 4 行.

[ 2015-10-20T14:50:55+08:00 ] ::1 /exhibition/index.php/Home/Index/
NOTIC: [8] Use of undefined constant name - assumed 'name' /Applications/XAMPP/xamppfiles/htdocs/exhibition/Application/Common/Conf/debug.php 第 3 行.
NOTIC: [8] Use of undefined constant age - assumed 'age' /Applications/XAMPP/xamppfiles/htdocs/exhibition/Application/Common/Conf/debug.php 第 4 行.

[ 2015-10-20T14:50:56+08:00 ] ::1 /exhibition/index.php/Home/Index/bg
NOTIC: [8] Use of undefined constant name - assumed 'name' /Applications/XAMPP/xamppfiles/htdocs/exhibition/Application/Common/Conf/debug.php 第 3 行.
NOTIC: [8] Use of undefined constant age - assumed 'age' /Applications/XAMPP/xamppfiles/htdocs/exhibition/Application/Common/Conf/debug.php 第 4 行.
INFO: [ app_begin ] --START--
INFO: Run Behavior\ReadHtmlCacheBehavior [ RunTime:0.000519s ]
INFO: [ app_begin ] --END-- [ RunTime:0.000574s ]
SQL: SHOW COLUMNS FROM `bgi` [ RunTime:0.0047s ]
SQL: SELECT * FROM `bgi` WHERE ( ID=1 )  [ RunTime:0.0013s ]

[ 2015-10-20T14:50:56+08:00 ] ::1 /exhibition/index.php/Home/Index/data
NOTIC: [8] Use of undefined constant name - assumed 'name' /Applications/XAMPP/xamppfiles/htdocs/exhibition/Application/Common/Conf/debug.php 第 3 行.
NOTIC: [8] Use of undefined constant age - assumed 'age' /Applications/XAMPP/xamppfiles/htdocs/exhibition/Application/Common/Conf/debug.php 第 4 行.
INFO: [ app_begin ] --START--
INFO: Run Behavior\ReadHtmlCacheBehavior [ RunTime:0.000520s ]
INFO: [ app_begin ] --END-- [ RunTime:0.000574s ]
SQL: SHOW COLUMNS FROM `group` [ RunTime:0.0040s ]
SQL: SHOW COLUMNS FROM `team` [ RunTime:0.0076s ]
SQL: SELECT `group` FROM `group`  [ RunTime:0.0004s ]
SQL: SELECT `team` FROM `team` WHERE ( belongs='良辰' )  [ RunTime:0.0002s ]

[ 2015-10-20T14:50:56+08:00 ] ::1 /exhibition/index.php/Home/Uploads/2015-10-20/5625c898a1019.JPG
NOTIC: [8] Use of undefined constant name - assumed 'name' /Applications/XAMPP/xamppfiles/htdocs/exhibition/Application/Common/Conf/debug.php 第 3 行.
NOTIC: [8] Use of undefined constant age - assumed 'age' /Applications/XAMPP/xamppfiles/htdocs/exhibition/Application/Common/Conf/debug.php 第 4 行.

[ 2015-10-20T14:50:56+08:00 ] ::1 /exhibition/index.php/Home/Index/
NOTIC: [8] Use of undefined constant name - assumed 'name' /Applications/XAMPP/xamppfiles/htdocs/exhibition/Application/Common/Conf/debug.php 第 3 行.
NOTIC: [8] Use of undefined constant age - assumed 'age' /Applications/XAMPP/xamppfiles/htdocs/exhibition/Application/Common/Conf/debug.php 第 4 行.

[ 2015-10-20T14:50:57+08:00 ] ::1 /exhibition/index.php/Home/Index/data
NOTIC: [8] Use of undefined constant name - assumed 'name' /Applications/XAMPP/xamppfiles/htdocs/exhibition/Application/Common/Conf/debug.php 第 3 行.
NOTIC: [8] Use of undefined constant age - assumed 'age' /Applications/XAMPP/xamppfiles/htdocs/exhibition/Application/Common/Conf/debug.php 第 4 行.
INFO: [ app_begin ] --START--
INFO: Run Behavior\ReadHtmlCacheBehavior [ RunTime:0.000428s ]
INFO: [ app_begin ] --END-- [ RunTime:0.000473s ]
SQL: SHOW COLUMNS FROM `group` [ RunTime:0.0065s ]
SQL: SHOW COLUMNS FROM `team` [ RunTime:0.0081s ]
SQL: SELECT `group` FROM `group`  [ RunTime:0.0002s ]
SQL: SELECT `team` FROM `team` WHERE ( belongs='良辰' )  [ RunTime:0.0002s ]

[ 2015-10-20T14:50:57+08:00 ] ::1 /exhibition/index.php/Home/Index/bg
NOTIC: [8] Use of undefined constant name - assumed 'name' /Applications/XAMPP/xamppfiles/htdocs/exhibition/Application/Common/Conf/debug.php 第 3 行.
NOTIC: [8] Use of undefined constant age - assumed 'age' /Applications/XAMPP/xamppfiles/htdocs/exhibition/Application/Common/Conf/debug.php 第 4 行.
INFO: [ app_begin ] --START--
INFO: Run Behavior\ReadHtmlCacheBehavior [ RunTime:0.000541s ]
INFO: [ app_begin ] --END-- [ RunTime:0.000602s ]
SQL: SHOW COLUMNS FROM `bgi` [ RunTime:0.0033s ]
SQL: SELECT * FROM `bgi` WHERE ( ID=1 )  [ RunTime:0.0003s ]

[ 2015-10-20T14:50:57+08:00 ] ::1 /exhibition/index.php/Home/Uploads/2015-10-20/5625c898a1019.JPG
NOTIC: [8] Use of undefined constant name - assumed 'name' /Applications/XAMPP/xamppfiles/htdocs/exhibition/Application/Common/Conf/debug.php 第 3 行.
NOTIC: [8] Use of undefined constant age - assumed 'age' /Applications/XAMPP/xamppfiles/htdocs/exhibition/Application/Common/Conf/debug.php 第 4 行.

[ 2015-10-20T14:50:58+08:00 ] ::1 /exhibition/index.php/Home/Index/
NOTIC: [8] Use of undefined constant name - assumed 'name' /Applications/XAMPP/xamppfiles/htdocs/exhibition/Application/Common/Conf/debug.php 第 3 行.
NOTIC: [8] Use of undefined constant age - assumed 'age' /Applications/XAMPP/xamppfiles/htdocs/exhibition/Application/Common/Conf/debug.php 第 4 行.

[ 2015-10-20T14:50:59+08:00 ] ::1 /exhibition/index.php/Home/Index/data
NOTIC: [8] Use of undefined constant name - assumed 'name' /Applications/XAMPP/xamppfiles/htdocs/exhibition/Application/Common/Conf/debug.php 第 3 行.
NOTIC: [8] Use of undefined constant age - assumed 'age' /Applications/XAMPP/xamppfiles/htdocs/exhibition/Application/Common/Conf/debug.php 第 4 行.
INFO: [ app_begin ] --START--
INFO: Run Behavior\ReadHtmlCacheBehavior [ RunTime:0.000540s ]
INFO: [ app_begin ] --END-- [ RunTime:0.000588s ]
SQL: SHOW COLUMNS FROM `group` [ RunTime:0.0062s ]
SQL: SHOW COLUMNS FROM `team` [ RunTime:0.0077s ]
SQL: SELECT `group` FROM `group`  [ RunTime:0.0005s ]
SQL: SELECT `team` FROM `team` WHERE ( belongs='良辰' )  [ RunTime:0.0006s ]

[ 2015-10-20T14:50:59+08:00 ] ::1 /exhibition/index.php/Home/Index/bg
NOTIC: [8] Use of undefined constant name - assumed 'name' /Applications/XAMPP/xamppfiles/htdocs/exhibition/Application/Common/Conf/debug.php 第 3 行.
NOTIC: [8] Use of undefined constant age - assumed 'age' /Applications/XAMPP/xamppfiles/htdocs/exhibition/Application/Common/Conf/debug.php 第 4 行.
INFO: [ app_begin ] --START--
INFO: Run Behavior\ReadHtmlCacheBehavior [ RunTime:0.000652s ]
INFO: [ app_begin ] --END-- [ RunTime:0.000781s ]
SQL: SHOW COLUMNS FROM `bgi` [ RunTime:0.0086s ]
SQL: SELECT * FROM `bgi` WHERE ( ID=1 )  [ RunTime:0.0004s ]

[ 2015-10-20T14:50:59+08:00 ] ::1 /exhibition/index.php/Home/Uploads/2015-10-20/5625c898a1019.JPG
NOTIC: [8] Use of undefined constant name - assumed 'name' /Applications/XAMPP/xamppfiles/htdocs/exhibition/Application/Common/Conf/debug.php 第 3 行.
NOTIC: [8] Use of undefined constant age - assumed 'age' /Applications/XAMPP/xamppfiles/htdocs/exhibition/Application/Common/Conf/debug.php 第 4 行.

[ 2015-10-20T14:51:00+08:00 ] ::1 /exhibition/index.php/Home/Index/
NOTIC: [8] Use of undefined constant name - assumed 'name' /Applications/XAMPP/xamppfiles/htdocs/exhibition/Application/Common/Conf/debug.php 第 3 行.
NOTIC: [8] Use of undefined constant age - assumed 'age' /Applications/XAMPP/xamppfiles/htdocs/exhibition/Application/Common/Conf/debug.php 第 4 行.

[ 2015-10-20T14:51:00+08:00 ] ::1 /exhibition/index.php/Home/Index/data
NOTIC: [8] Use of undefined constant name - assumed 'name' /Applications/XAMPP/xamppfiles/htdocs/exhibition/Application/Common/Conf/debug.php 第 3 行.
NOTIC: [8] Use of undefined constant age - assumed 'age' /Applications/XAMPP/xamppfiles/htdocs/exhibition/Application/Common/Conf/debug.php 第 4 行.
INFO: [ app_begin ] --START--
INFO: Run Behavior\ReadHtmlCacheBehavior [ RunTime:0.000659s ]
INFO: [ app_begin ] --END-- [ RunTime:0.000763s ]
SQL: SHOW COLUMNS FROM `group` [ RunTime:0.0047s ]
SQL: SHOW COLUMNS FROM `team` [ RunTime:0.0077s ]
SQL: SELECT `group` FROM `group`  [ RunTime:0.0003s ]
SQL: SELECT `team` FROM `team` WHERE ( belongs='良辰' )  [ RunTime:0.0006s ]

[ 2015-10-20T14:51:00+08:00 ] ::1 /exhibition/index.php/Home/Index/bg
NOTIC: [8] Use of undefined constant name - assumed 'name' /Applications/XAMPP/xamppfiles/htdocs/exhibition/Application/Common/Conf/debug.php 第 3 行.
NOTIC: [8] Use of undefined constant age - assumed 'age' /Applications/XAMPP/xamppfiles/htdocs/exhibition/Application/Common/Conf/debug.php 第 4 行.
INFO: [ app_begin ] --START--
INFO: Run Behavior\ReadHtmlCacheBehavior [ RunTime:0.000519s ]
INFO: [ app_begin ] --END-- [ RunTime:0.000580s ]
SQL: SHOW COLUMNS FROM `bgi` [ RunTime:0.0032s ]
SQL: SELECT * FROM `bgi` WHERE ( ID=1 )  [ RunTime:0.0003s ]

[ 2015-10-20T14:51:00+08:00 ] ::1 /exhibition/index.php/Home/Uploads/2015-10-20/5625c898a1019.JPG
NOTIC: [8] Use of undefined constant name - assumed 'name' /Applications/XAMPP/xamppfiles/htdocs/exhibition/Application/Common/Conf/debug.php 第 3 行.
NOTIC: [8] Use of undefined constant age - assumed 'age' /Applications/XAMPP/xamppfiles/htdocs/exhibition/Application/Common/Conf/debug.php 第 4 行.

[ 2015-10-20T14:51:11+08:00 ] ::1 /exhibition/index.php/Home/Index/
NOTIC: [8] Use of undefined constant name - assumed 'name' /Applications/XAMPP/xamppfiles/htdocs/exhibition/Application/Common/Conf/debug.php 第 3 行.
NOTIC: [8] Use of undefined constant age - assumed 'age' /Applications/XAMPP/xamppfiles/htdocs/exhibition/Application/Common/Conf/debug.php 第 4 行.

[ 2015-10-20T14:51:11+08:00 ] ::1 /exhibition/index.php/Home/Index/data
NOTIC: [8] Use of undefined constant name - assumed 'name' /Applications/XAMPP/xamppfiles/htdocs/exhibition/Application/Common/Conf/debug.php 第 3 行.
NOTIC: [8] Use of undefined constant age - assumed 'age' /Applications/XAMPP/xamppfiles/htdocs/exhibition/Application/Common/Conf/debug.php 第 4 行.
INFO: [ app_begin ] --START--
INFO: Run Behavior\ReadHtmlCacheBehavior [ RunTime:0.000812s ]
INFO: [ app_begin ] --END-- [ RunTime:0.000862s ]
SQL: SHOW COLUMNS FROM `group` [ RunTime:0.0065s ]
SQL: SHOW COLUMNS FROM `team` [ RunTime:0.0041s ]
SQL: SELECT `group` FROM `group`  [ RunTime:0.0006s ]
SQL: SELECT `team` FROM `team` WHERE ( belongs='良辰' )  [ RunTime:0.0006s ]

[ 2015-10-20T14:51:11+08:00 ] ::1 /exhibition/index.php/Home/Index/bg
NOTIC: [8] Use of undefined constant name - assumed 'name' /Applications/XAMPP/xamppfiles/htdocs/exhibition/Application/Common/Conf/debug.php 第 3 行.
NOTIC: [8] Use of undefined constant age - assumed 'age' /Applications/XAMPP/xamppfiles/htdocs/exhibition/Application/Common/Conf/debug.php 第 4 行.
INFO: [ app_begin ] --START--
INFO: Run Behavior\ReadHtmlCacheBehavior [ RunTime:0.000522s ]
INFO: [ app_begin ] --END-- [ RunTime:0.000580s ]
SQL: SHOW COLUMNS FROM `bgi` [ RunTime:0.0032s ]
SQL: SELECT * FROM `bgi` WHERE ( ID=1 )  [ RunTime:0.0003s ]

[ 2015-10-20T14:51:11+08:00 ] ::1 /exhibition/index.php/Home/Uploads/2015-10-20/5625c898a1019.JPG
NOTIC: [8] Use of undefined constant name - assumed 'name' /Applications/XAMPP/xamppfiles/htdocs/exhibition/Application/Common/Conf/debug.php 第 3 行.
NOTIC: [8] Use of undefined constant age - assumed 'age' /Applications/XAMPP/xamppfiles/htdocs/exhibition/Application/Common/Conf/debug.php 第 4 行.

[ 2015-10-20T14:51:11+08:00 ] ::1 /exhibition/index.php/Home/Index/
NOTIC: [8] Use of undefined constant name - assumed 'name' /Applications/XAMPP/xamppfiles/htdocs/exhibition/Application/Common/Conf/debug.php 第 3 行.
NOTIC: [8] Use of undefined constant age - assumed 'age' /Applications/XAMPP/xamppfiles/htdocs/exhibition/Application/Common/Conf/debug.php 第 4 行.

[ 2015-10-20T14:51:12+08:00 ] ::1 /exhibition/index.php/Home/Index/data
NOTIC: [8] Use of undefined constant name - assumed 'name' /Applications/XAMPP/xamppfiles/htdocs/exhibition/Application/Common/Conf/debug.php 第 3 行.
NOTIC: [8] Use of undefined constant age - assumed 'age' /Applications/XAMPP/xamppfiles/htdocs/exhibition/Application/Common/Conf/debug.php 第 4 行.
INFO: [ app_begin ] --START--
INFO: Run Behavior\ReadHtmlCacheBehavior [ RunTime:0.000564s ]
INFO: [ app_begin ] --END-- [ RunTime:0.000689s ]
SQL: SHOW COLUMNS FROM `group` [ RunTime:0.0081s ]
SQL: SHOW COLUMNS FROM `team` [ RunTime:0.0054s ]
SQL: SELECT `group` FROM `group`  [ RunTime:0.0004s ]
SQL: SELECT `team` FROM `team` WHERE ( belongs='良辰' )  [ RunTime:0.0004s ]

[ 2015-10-20T14:51:12+08:00 ] ::1 /exhibition/index.php/Home/Index/bg
NOTIC: [8] Use of undefined constant name - assumed 'name' /Applications/XAMPP/xamppfiles/htdocs/exhibition/Application/Common/Conf/debug.php 第 3 行.
NOTIC: [8] Use of undefined constant age - assumed 'age' /Applications/XAMPP/xamppfiles/htdocs/exhibition/Application/Common/Conf/debug.php 第 4 行.
INFO: [ app_begin ] --START--
INFO: Run Behavior\ReadHtmlCacheBehavior [ RunTime:0.000548s ]
INFO: [ app_begin ] --END-- [ RunTime:0.000592s ]
SQL: SHOW COLUMNS FROM `bgi` [ RunTime:0.0077s ]
SQL: SELECT * FROM `bgi` WHERE ( ID=1 )  [ RunTime:0.0028s ]

[ 2015-10-20T14:51:12+08:00 ] ::1 /exhibition/index.php/Home/Uploads/2015-10-20/5625c898a1019.JPG
NOTIC: [8] Use of undefined constant name - assumed 'name' /Applications/XAMPP/xamppfiles/htdocs/exhibition/Application/Common/Conf/debug.php 第 3 行.
NOTIC: [8] Use of undefined constant age - assumed 'age' /Applications/XAMPP/xamppfiles/htdocs/exhibition/Application/Common/Conf/debug.php 第 4 行.

[ 2015-10-20T14:51:20+08:00 ] ::1 /exhibition/index.php/Home/Index/
NOTIC: [8] Use of undefined constant name - assumed 'name' /Applications/XAMPP/xamppfiles/htdocs/exhibition/Application/Common/Conf/debug.php 第 3 行.
NOTIC: [8] Use of undefined constant age - assumed 'age' /Applications/XAMPP/xamppfiles/htdocs/exhibition/Application/Common/Conf/debug.php 第 4 行.

[ 2015-10-20T14:51:20+08:00 ] ::1 /exhibition/index.php/Home/Index/data
NOTIC: [8] Use of undefined constant name - assumed 'name' /Applications/XAMPP/xamppfiles/htdocs/exhibition/Application/Common/Conf/debug.php 第 3 行.
NOTIC: [8] Use of undefined constant age - assumed 'age' /Applications/XAMPP/xamppfiles/htdocs/exhibition/Application/Common/Conf/debug.php 第 4 行.
INFO: [ app_begin ] --START--
INFO: Run Behavior\ReadHtmlCacheBehavior [ RunTime:0.000504s ]
INFO: [ app_begin ] --END-- [ RunTime:0.000561s ]
SQL: SHOW COLUMNS FROM `group` [ RunTime:0.0035s ]
SQL: SHOW COLUMNS FROM `team` [ RunTime:0.0039s ]
SQL: SELECT `group` FROM `group`  [ RunTime:0.0002s ]
SQL: SELECT `team` FROM `team` WHERE ( belongs='良辰' )  [ RunTime:0.0002s ]

[ 2015-10-20T14:51:20+08:00 ] ::1 /exhibition/index.php/Home/Index/bg
NOTIC: [8] Use of undefined constant name - assumed 'name' /Applications/XAMPP/xamppfiles/htdocs/exhibition/Application/Common/Conf/debug.php 第 3 行.
NOTIC: [8] Use of undefined constant age - assumed 'age' /Applications/XAMPP/xamppfiles/htdocs/exhibition/Application/Common/Conf/debug.php 第 4 行.
INFO: [ app_begin ] --START--
INFO: Run Behavior\ReadHtmlCacheBehavior [ RunTime:0.000454s ]
INFO: [ app_begin ] --END-- [ RunTime:0.000500s ]
SQL: SHOW COLUMNS FROM `bgi` [ RunTime:0.0032s ]
SQL: SELECT * FROM `bgi` WHERE ( ID=1 )  [ RunTime:0.0004s ]

[ 2015-10-20T14:51:20+08:00 ] ::1 /exhibition/index.php/Home/Uploads/2015-10-20/5625c898a1019.JPG
NOTIC: [8] Use of undefined constant name - assumed 'name' /Applications/XAMPP/xamppfiles/htdocs/exhibition/Application/Common/Conf/debug.php 第 3 行.
NOTIC: [8] Use of undefined constant age - assumed 'age' /Applications/XAMPP/xamppfiles/htdocs/exhibition/Application/Common/Conf/debug.php 第 4 行.

[ 2015-10-20T14:51:39+08:00 ] ::1 /exhibition/index.php/Home/Index/
NOTIC: [8] Use of undefined constant name - assumed 'name' /Applications/XAMPP/xamppfiles/htdocs/exhibition/Application/Common/Conf/debug.php 第 3 行.
NOTIC: [8] Use of undefined constant age - assumed 'age' /Applications/XAMPP/xamppfiles/htdocs/exhibition/Application/Common/Conf/debug.php 第 4 行.

[ 2015-10-20T14:51:39+08:00 ] ::1 /exhibition/index.php/Home/Index/data
NOTIC: [8] Use of undefined constant name - assumed 'name' /Applications/XAMPP/xamppfiles/htdocs/exhibition/Application/Common/Conf/debug.php 第 3 行.
NOTIC: [8] Use of undefined constant age - assumed 'age' /Applications/XAMPP/xamppfiles/htdocs/exhibition/Application/Common/Conf/debug.php 第 4 行.
INFO: [ app_begin ] --START--
INFO: Run Behavior\ReadHtmlCacheBehavior [ RunTime:0.000430s ]
INFO: [ app_begin ] --END-- [ RunTime:0.000473s ]
SQL: SHOW COLUMNS FROM `group` [ RunTime:0.0066s ]
SQL: SHOW COLUMNS FROM `team` [ RunTime:0.0078s ]
SQL: SELECT `group` FROM `group`  [ RunTime:0.0002s ]
SQL: SELECT `team` FROM `team` WHERE ( belongs='良辰' )  [ RunTime:0.0002s ]

[ 2015-10-20T14:51:39+08:00 ] ::1 /exhibition/index.php/Home/Index/bg
NOTIC: [8] Use of undefined constant name - assumed 'name' /Applications/XAMPP/xamppfiles/htdocs/exhibition/Application/Common/Conf/debug.php 第 3 行.
NOTIC: [8] Use of undefined constant age - assumed 'age' /Applications/XAMPP/xamppfiles/htdocs/exhibition/Application/Common/Conf/debug.php 第 4 行.
INFO: [ app_begin ] --START--
INFO: Run Behavior\ReadHtmlCacheBehavior [ RunTime:0.000442s ]
INFO: [ app_begin ] --END-- [ RunTime:0.000489s ]
SQL: SHOW COLUMNS FROM `bgi` [ RunTime:0.0029s ]
SQL: SELECT * FROM `bgi` WHERE ( ID=1 )  [ RunTime:0.0002s ]

[ 2015-10-20T14:51:39+08:00 ] ::1 /exhibition/index.php/Home/Uploads/2015-10-20/5625c898a1019.JPG
NOTIC: [8] Use of undefined constant name - assumed 'name' /Applications/XAMPP/xamppfiles/htdocs/exhibition/Application/Common/Conf/debug.php 第 3 行.
NOTIC: [8] Use of undefined constant age - assumed 'age' /Applications/XAMPP/xamppfiles/htdocs/exhibition/Application/Common/Conf/debug.php 第 4 行.

[ 2015-10-20T14:51:50+08:00 ] ::1 /exhibition/index.php/Home
NOTIC: [8] Use of undefined constant name - assumed 'name' /Applications/XAMPP/xamppfiles/htdocs/exhibition/Application/Common/Conf/debug.php 第 3 行.
NOTIC: [8] Use of undefined constant age - assumed 'age' /Applications/XAMPP/xamppfiles/htdocs/exhibition/Application/Common/Conf/debug.php 第 4 行.

[ 2015-10-20T14:51:51+08:00 ] ::1 /exhibition/index.php/Home/Index/data
NOTIC: [8] Use of undefined constant name - assumed 'name' /Applications/XAMPP/xamppfiles/htdocs/exhibition/Application/Common/Conf/debug.php 第 3 行.
NOTIC: [8] Use of undefined constant age - assumed 'age' /Applications/XAMPP/xamppfiles/htdocs/exhibition/Application/Common/Conf/debug.php 第 4 行.
INFO: [ app_begin ] --START--
INFO: Run Behavior\ReadHtmlCacheBehavior [ RunTime:0.000518s ]
INFO: [ app_begin ] --END-- [ RunTime:0.000582s ]
SQL: SHOW COLUMNS FROM `group` [ RunTime:0.0065s ]
SQL: SHOW COLUMNS FROM `team` [ RunTime:0.0035s ]
SQL: SELECT `group` FROM `group`  [ RunTime:0.0002s ]
SQL: SELECT `team` FROM `team` WHERE ( belongs='良辰' )  [ RunTime:0.0003s ]

[ 2015-10-20T14:51:51+08:00 ] ::1 /exhibition/index.php/Home/Index/bg
NOTIC: [8] Use of undefined constant name - assumed 'name' /Applications/XAMPP/xamppfiles/htdocs/exhibition/Application/Common/Conf/debug.php 第 3 行.
NOTIC: [8] Use of undefined constant age - assumed 'age' /Applications/XAMPP/xamppfiles/htdocs/exhibition/Application/Common/Conf/debug.php 第 4 行.
INFO: [ app_begin ] --START--
INFO: Run Behavior\ReadHtmlCacheBehavior [ RunTime:0.000359s ]
INFO: [ app_begin ] --END-- [ RunTime:0.000391s ]
SQL: SHOW COLUMNS FROM `bgi` [ RunTime:0.0035s ]
SQL: SELECT * FROM `bgi` WHERE ( ID=1 )  [ RunTime:0.0004s ]

[ 2015-10-20T14:51:58+08:00 ] ::1 /exhibition/index.php/Home
NOTIC: [8] Use of undefined constant name - assumed 'name' /Applications/XAMPP/xamppfiles/htdocs/exhibition/Application/Common/Conf/debug.php 第 3 行.
NOTIC: [8] Use of undefined constant age - assumed 'age' /Applications/XAMPP/xamppfiles/htdocs/exhibition/Application/Common/Conf/debug.php 第 4 行.

[ 2015-10-20T14:51:59+08:00 ] ::1 /exhibition/index.php/Home/Index/data
NOTIC: [8] Use of undefined constant name - assumed 'name' /Applications/XAMPP/xamppfiles/htdocs/exhibition/Application/Common/Conf/debug.php 第 3 行.
NOTIC: [8] Use of undefined constant age - assumed 'age' /Applications/XAMPP/xamppfiles/htdocs/exhibition/Application/Common/Conf/debug.php 第 4 行.
INFO: [ app_begin ] --START--
INFO: Run Behavior\ReadHtmlCacheBehavior [ RunTime:0.000556s ]
INFO: [ app_begin ] --END-- [ RunTime:0.000622s ]
SQL: SHOW COLUMNS FROM `group` [ RunTime:0.0069s ]
SQL: SHOW COLUMNS FROM `team` [ RunTime:0.0047s ]
SQL: SELECT `group` FROM `group`  [ RunTime:0.0005s ]
SQL: SELECT `team` FROM `team` WHERE ( belongs='良辰' )  [ RunTime:0.0003s ]

[ 2015-10-20T14:51:59+08:00 ] ::1 /exhibition/index.php/Home/Index/bg
NOTIC: [8] Use of undefined constant name - assumed 'name' /Applications/XAMPP/xamppfiles/htdocs/exhibition/Application/Common/Conf/debug.php 第 3 行.
NOTIC: [8] Use of undefined constant age - assumed 'age' /Applications/XAMPP/xamppfiles/htdocs/exhibition/Application/Common/Conf/debug.php 第 4 行.
INFO: [ app_begin ] --START--
INFO: Run Behavior\ReadHtmlCacheBehavior [ RunTime:0.000453s ]
INFO: [ app_begin ] --END-- [ RunTime:0.000502s ]
SQL: SHOW COLUMNS FROM `bgi` [ RunTime:0.0073s ]
SQL: SELECT * FROM `bgi` WHERE ( ID=1 )  [ RunTime:0.0010s ]

[ 2015-10-20T14:51:59+08:00 ] ::1 /exhibition/index.php/Home
NOTIC: [8] Use of undefined constant name - assumed 'name' /Applications/XAMPP/xamppfiles/htdocs/exhibition/Application/Common/Conf/debug.php 第 3 行.
NOTIC: [8] Use of undefined constant age - assumed 'age' /Applications/XAMPP/xamppfiles/htdocs/exhibition/Application/Common/Conf/debug.php 第 4 行.

[ 2015-10-20T14:51:59+08:00 ] ::1 /exhibition/index.php/Home/Index/data
NOTIC: [8] Use of undefined constant name - assumed 'name' /Applications/XAMPP/xamppfiles/htdocs/exhibition/Application/Common/Conf/debug.php 第 3 行.
NOTIC: [8] Use of undefined constant age - assumed 'age' /Applications/XAMPP/xamppfiles/htdocs/exhibition/Application/Common/Conf/debug.php 第 4 行.
INFO: [ app_begin ] --START--
INFO: Run Behavior\ReadHtmlCacheBehavior [ RunTime:0.000573s ]
INFO: [ app_begin ] --END-- [ RunTime:0.000637s ]
SQL: SHOW COLUMNS FROM `group` [ RunTime:0.0033s ]
SQL: SHOW COLUMNS FROM `team` [ RunTime:0.0039s ]
SQL: SELECT `group` FROM `group`  [ RunTime:0.0007s ]
SQL: SELECT `team` FROM `team` WHERE ( belongs='良辰' )  [ RunTime:0.0006s ]

[ 2015-10-20T14:51:59+08:00 ] ::1 /exhibition/index.php/Home/Index/bg
NOTIC: [8] Use of undefined constant name - assumed 'name' /Applications/XAMPP/xamppfiles/htdocs/exhibition/Application/Common/Conf/debug.php 第 3 行.
NOTIC: [8] Use of undefined constant age - assumed 'age' /Applications/XAMPP/xamppfiles/htdocs/exhibition/Application/Common/Conf/debug.php 第 4 行.
INFO: [ app_begin ] --START--
INFO: Run Behavior\ReadHtmlCacheBehavior [ RunTime:0.000445s ]
INFO: [ app_begin ] --END-- [ RunTime:0.000496s ]
SQL: SHOW COLUMNS FROM `bgi` [ RunTime:0.0067s ]
SQL: SELECT * FROM `bgi` WHERE ( ID=1 )  [ RunTime:0.0003s ]

[ 2015-10-20T14:52:00+08:00 ] ::1 /exhibition/index.php/Home
NOTIC: [8] Use of undefined constant name - assumed 'name' /Applications/XAMPP/xamppfiles/htdocs/exhibition/Application/Common/Conf/debug.php 第 3 行.
NOTIC: [8] Use of undefined constant age - assumed 'age' /Applications/XAMPP/xamppfiles/htdocs/exhibition/Application/Common/Conf/debug.php 第 4 行.

[ 2015-10-20T14:52:00+08:00 ] ::1 /exhibition/index.php/Home/Index/data
NOTIC: [8] Use of undefined constant name - assumed 'name' /Applications/XAMPP/xamppfiles/htdocs/exhibition/Application/Common/Conf/debug.php 第 3 行.
NOTIC: [8] Use of undefined constant age - assumed 'age' /Applications/XAMPP/xamppfiles/htdocs/exhibition/Application/Common/Conf/debug.php 第 4 行.
INFO: [ app_begin ] --START--
INFO: Run Behavior\ReadHtmlCacheBehavior [ RunTime:0.000471s ]
INFO: [ app_begin ] --END-- [ RunTime:0.000518s ]
SQL: SHOW COLUMNS FROM `group` [ RunTime:0.0069s ]
SQL: SHOW COLUMNS FROM `team` [ RunTime:0.0073s ]
SQL: SELECT `group` FROM `group`  [ RunTime:0.0004s ]
SQL: SELECT `team` FROM `team` WHERE ( belongs='良辰' )  [ RunTime:0.0005s ]

[ 2015-10-20T14:52:00+08:00 ] ::1 /exhibition/index.php/Home/Index/bg
NOTIC: [8] Use of undefined constant name - assumed 'name' /Applications/XAMPP/xamppfiles/htdocs/exhibition/Application/Common/Conf/debug.php 第 3 行.
NOTIC: [8] Use of undefined constant age - assumed 'age' /Applications/XAMPP/xamppfiles/htdocs/exhibition/Application/Common/Conf/debug.php 第 4 行.
INFO: [ app_begin ] --START--
INFO: Run Behavior\ReadHtmlCacheBehavior [ RunTime:0.000434s ]
INFO: [ app_begin ] --END-- [ RunTime:0.000481s ]
SQL: SHOW COLUMNS FROM `bgi` [ RunTime:0.0067s ]
SQL: SELECT * FROM `bgi` WHERE ( ID=1 )  [ RunTime:0.0006s ]

[ 2015-10-20T14:52:00+08:00 ] ::1 /exhibition/index.php/Home
NOTIC: [8] Use of undefined constant name - assumed 'name' /Applications/XAMPP/xamppfiles/htdocs/exhibition/Application/Common/Conf/debug.php 第 3 行.
NOTIC: [8] Use of undefined constant age - assumed 'age' /Applications/XAMPP/xamppfiles/htdocs/exhibition/Application/Common/Conf/debug.php 第 4 行.

[ 2015-10-20T14:52:00+08:00 ] ::1 /exhibition/index.php/Home/Index/data
NOTIC: [8] Use of undefined constant name - assumed 'name' /Applications/XAMPP/xamppfiles/htdocs/exhibition/Application/Common/Conf/debug.php 第 3 行.
NOTIC: [8] Use of undefined constant age - assumed 'age' /Applications/XAMPP/xamppfiles/htdocs/exhibition/Application/Common/Conf/debug.php 第 4 行.
INFO: [ app_begin ] --START--
INFO: Run Behavior\ReadHtmlCacheBehavior [ RunTime:0.000481s ]
INFO: [ app_begin ] --END-- [ RunTime:0.000541s ]
SQL: SHOW COLUMNS FROM `group` [ RunTime:0.0052s ]
SQL: SHOW COLUMNS FROM `team` [ RunTime:0.0058s ]
SQL: SELECT `group` FROM `group`  [ RunTime:0.0002s ]
SQL: SELECT `team` FROM `team` WHERE ( belongs='良辰' )  [ RunTime:0.0002s ]

[ 2015-10-20T14:52:00+08:00 ] ::1 /exhibition/index.php/Home/Index/bg
NOTIC: [8] Use of undefined constant name - assumed 'name' /Applications/XAMPP/xamppfiles/htdocs/exhibition/Application/Common/Conf/debug.php 第 3 行.
NOTIC: [8] Use of undefined constant age - assumed 'age' /Applications/XAMPP/xamppfiles/htdocs/exhibition/Application/Common/Conf/debug.php 第 4 行.
INFO: [ app_begin ] --START--
INFO: Run Behavior\ReadHtmlCacheBehavior [ RunTime:0.000479s ]
INFO: [ app_begin ] --END-- [ RunTime:0.000533s ]
SQL: SHOW COLUMNS FROM `bgi` [ RunTime:0.0068s ]
SQL: SELECT * FROM `bgi` WHERE ( ID=1 )  [ RunTime:0.0003s ]

[ 2015-10-20T14:52:01+08:00 ] ::1 /exhibition/index.php/Home
NOTIC: [8] Use of undefined constant name - assumed 'name' /Applications/XAMPP/xamppfiles/htdocs/exhibition/Application/Common/Conf/debug.php 第 3 行.
NOTIC: [8] Use of undefined constant age - assumed 'age' /Applications/XAMPP/xamppfiles/htdocs/exhibition/Application/Common/Conf/debug.php 第 4 行.

[ 2015-10-20T14:52:01+08:00 ] ::1 /exhibition/index.php/Home/Index/data
NOTIC: [8] Use of undefined constant name - assumed 'name' /Applications/XAMPP/xamppfiles/htdocs/exhibition/Application/Common/Conf/debug.php 第 3 行.
NOTIC: [8] Use of undefined constant age - assumed 'age' /Applications/XAMPP/xamppfiles/htdocs/exhibition/Application/Common/Conf/debug.php 第 4 行.
INFO: [ app_begin ] --START--
INFO: Run Behavior\ReadHtmlCacheBehavior [ RunTime:0.000441s ]
INFO: [ app_begin ] --END-- [ RunTime:0.000485s ]
SQL: SHOW COLUMNS FROM `group` [ RunTime:0.0038s ]
SQL: SHOW COLUMNS FROM `team` [ RunTime:0.0058s ]
SQL: SELECT `group` FROM `group`  [ RunTime:0.0002s ]
SQL: SELECT `team` FROM `team` WHERE ( belongs='良辰' )  [ RunTime:0.0009s ]

[ 2015-10-20T14:52:01+08:00 ] ::1 /exhibition/index.php/Home/Index/bg
NOTIC: [8] Use of undefined constant name - assumed 'name' /Applications/XAMPP/xamppfiles/htdocs/exhibition/Application/Common/Conf/debug.php 第 3 行.
NOTIC: [8] Use of undefined constant age - assumed 'age' /Applications/XAMPP/xamppfiles/htdocs/exhibition/Application/Common/Conf/debug.php 第 4 行.
INFO: [ app_begin ] --START--
INFO: Run Behavior\ReadHtmlCacheBehavior [ RunTime:0.000312s ]
INFO: [ app_begin ] --END-- [ RunTime:0.000348s ]
SQL: SHOW COLUMNS FROM `bgi` [ RunTime:0.0067s ]
SQL: SELECT * FROM `bgi` WHERE ( ID=1 )  [ RunTime:0.0004s ]

[ 2015-10-20T14:52:09+08:00 ] ::1 /exhibition/index.php/Home/Index/
NOTIC: [8] Use of undefined constant name - assumed 'name' /Applications/XAMPP/xamppfiles/htdocs/exhibition/Application/Common/Conf/debug.php 第 3 行.
NOTIC: [8] Use of undefined constant age - assumed 'age' /Applications/XAMPP/xamppfiles/htdocs/exhibition/Application/Common/Conf/debug.php 第 4 行.

[ 2015-10-20T14:52:09+08:00 ] ::1 /exhibition/index.php/Home/Index/data
NOTIC: [8] Use of undefined constant name - assumed 'name' /Applications/XAMPP/xamppfiles/htdocs/exhibition/Application/Common/Conf/debug.php 第 3 行.
NOTIC: [8] Use of undefined constant age - assumed 'age' /Applications/XAMPP/xamppfiles/htdocs/exhibition/Application/Common/Conf/debug.php 第 4 行.
INFO: [ app_begin ] --START--
INFO: Run Behavior\ReadHtmlCacheBehavior [ RunTime:0.000480s ]
INFO: [ app_begin ] --END-- [ RunTime:0.000535s ]
SQL: SHOW COLUMNS FROM `group` [ RunTime:0.0016s ]
SQL: SHOW COLUMNS FROM `team` [ RunTime:0.0073s ]
SQL: SELECT `group` FROM `group`  [ RunTime:0.0002s ]
SQL: SELECT `team` FROM `team` WHERE ( belongs='良辰' )  [ RunTime:0.0002s ]

[ 2015-10-20T14:52:09+08:00 ] ::1 /exhibition/index.php/Home/Index/bg
NOTIC: [8] Use of undefined constant name - assumed 'name' /Applications/XAMPP/xamppfiles/htdocs/exhibition/Application/Common/Conf/debug.php 第 3 行.
NOTIC: [8] Use of undefined constant age - assumed 'age' /Applications/XAMPP/xamppfiles/htdocs/exhibition/Application/Common/Conf/debug.php 第 4 行.
INFO: [ app_begin ] --START--
INFO: Run Behavior\ReadHtmlCacheBehavior [ RunTime:0.000787s ]
INFO: [ app_begin ] --END-- [ RunTime:0.000920s ]
SQL: SHOW COLUMNS FROM `bgi` [ RunTime:0.0031s ]
SQL: SELECT * FROM `bgi` WHERE ( ID=1 )  [ RunTime:0.0003s ]

[ 2015-10-20T14:52:09+08:00 ] ::1 /exhibition/index.php/Home/Uploads/2015-10-20/5625c898a1019.JPG
NOTIC: [8] Use of undefined constant name - assumed 'name' /Applications/XAMPP/xamppfiles/htdocs/exhibition/Application/Common/Conf/debug.php 第 3 行.
NOTIC: [8] Use of undefined constant age - assumed 'age' /Applications/XAMPP/xamppfiles/htdocs/exhibition/Application/Common/Conf/debug.php 第 4 行.

[ 2015-10-20T14:52:15+08:00 ] ::1 /exhibition/index.php/Home
NOTIC: [8] Use of undefined constant name - assumed 'name' /Applications/XAMPP/xamppfiles/htdocs/exhibition/Application/Common/Conf/debug.php 第 3 行.
NOTIC: [8] Use of undefined constant age - assumed 'age' /Applications/XAMPP/xamppfiles/htdocs/exhibition/Application/Common/Conf/debug.php 第 4 行.

[ 2015-10-20T14:52:15+08:00 ] ::1 /exhibition/index.php/Home/Index/data
NOTIC: [8] Use of undefined constant name - assumed 'name' /Applications/XAMPP/xamppfiles/htdocs/exhibition/Application/Common/Conf/debug.php 第 3 行.
NOTIC: [8] Use of undefined constant age - assumed 'age' /Applications/XAMPP/xamppfiles/htdocs/exhibition/Application/Common/Conf/debug.php 第 4 行.
INFO: [ app_begin ] --START--
INFO: Run Behavior\ReadHtmlCacheBehavior [ RunTime:0.000428s ]
INFO: [ app_begin ] --END-- [ RunTime:0.000473s ]
SQL: SHOW COLUMNS FROM `group` [ RunTime:0.0048s ]
SQL: SHOW COLUMNS FROM `team` [ RunTime:0.0055s ]
SQL: SELECT `group` FROM `group`  [ RunTime:0.0004s ]
SQL: SELECT `team` FROM `team` WHERE ( belongs='良辰' )  [ RunTime:0.0005s ]

[ 2015-10-20T14:52:15+08:00 ] ::1 /exhibition/index.php/Home/Index/bg
NOTIC: [8] Use of undefined constant name - assumed 'name' /Applications/XAMPP/xamppfiles/htdocs/exhibition/Application/Common/Conf/debug.php 第 3 行.
NOTIC: [8] Use of undefined constant age - assumed 'age' /Applications/XAMPP/xamppfiles/htdocs/exhibition/Application/Common/Conf/debug.php 第 4 行.
INFO: [ app_begin ] --START--
INFO: Run Behavior\ReadHtmlCacheBehavior [ RunTime:0.000463s ]
INFO: [ app_begin ] --END-- [ RunTime:0.000518s ]
SQL: SHOW COLUMNS FROM `bgi` [ RunTime:0.0032s ]
SQL: SELECT * FROM `bgi` WHERE ( ID=1 )  [ RunTime:0.0002s ]

