[ 2015-10-26T22:56:43+08:00 ] ::1 /exhibition/index.php/Admin/
NOTIC: [8] Use of undefined constant name - assumed 'name' /Applications/XAMPP/xamppfiles/htdocs/exhibition/Application/Common/Conf/debug.php 第 3 行.
NOTIC: [8] Use of undefined constant age - assumed 'age' /Applications/XAMPP/xamppfiles/htdocs/exhibition/Application/Common/Conf/debug.php 第 4 行.

[ 2015-10-26T22:58:18+08:00 ] ::1 /exhibition/index.php/Admin/index/groupAdd
NOTIC: [8] Use of undefined constant name - assumed 'name' /Applications/XAMPP/xamppfiles/htdocs/exhibition/Application/Common/Conf/debug.php 第 3 行.
NOTIC: [8] Use of undefined constant age - assumed 'age' /Applications/XAMPP/xamppfiles/htdocs/exhibition/Application/Common/Conf/debug.php 第 4 行.

[ 2015-10-26T22:58:19+08:00 ] ::1 /exhibition/index.php/Admin/
NOTIC: [8] Use of undefined constant name - assumed 'name' /Applications/XAMPP/xamppfiles/htdocs/exhibition/Application/Common/Conf/debug.php 第 3 行.
NOTIC: [8] Use of undefined constant age - assumed 'age' /Applications/XAMPP/xamppfiles/htdocs/exhibition/Application/Common/Conf/debug.php 第 4 行.

[ 2015-10-26T22:58:24+08:00 ] ::1 /exhibition//index.php/Admin/index/teamAdd
NOTIC: [8] Use of undefined constant name - assumed 'name' /Applications/XAMPP/xamppfiles/htdocs/exhibition/Application/Common/Conf/debug.php 第 3 行.
NOTIC: [8] Use of undefined constant age - assumed 'age' /Applications/XAMPP/xamppfiles/htdocs/exhibition/Application/Common/Conf/debug.php 第 4 行.

[ 2015-10-26T22:58:25+08:00 ] ::1 /exhibition/index.php/Admin/
NOTIC: [8] Use of undefined constant name - assumed 'name' /Applications/XAMPP/xamppfiles/htdocs/exhibition/Application/Common/Conf/debug.php 第 3 行.
NOTIC: [8] Use of undefined constant age - assumed 'age' /Applications/XAMPP/xamppfiles/htdocs/exhibition/Application/Common/Conf/debug.php 第 4 行.

[ 2015-10-26T22:58:54+08:00 ] ::1 /exhibition/index.php/Admin/index/groupAdd
NOTIC: [8] Use of undefined constant name - assumed 'name' /Applications/XAMPP/xamppfiles/htdocs/exhibition/Application/Common/Conf/debug.php 第 3 行.
NOTIC: [8] Use of undefined constant age - assumed 'age' /Applications/XAMPP/xamppfiles/htdocs/exhibition/Application/Common/Conf/debug.php 第 4 行.

[ 2015-10-26T22:58:56+08:00 ] ::1 /exhibition/index.php/Admin/
NOTIC: [8] Use of undefined constant name - assumed 'name' /Applications/XAMPP/xamppfiles/htdocs/exhibition/Application/Common/Conf/debug.php 第 3 行.
NOTIC: [8] Use of undefined constant age - assumed 'age' /Applications/XAMPP/xamppfiles/htdocs/exhibition/Application/Common/Conf/debug.php 第 4 行.

[ 2015-10-26T22:59:01+08:00 ] ::1 /exhibition//index.php/Admin/index/teamAdd
NOTIC: [8] Use of undefined constant name - assumed 'name' /Applications/XAMPP/xamppfiles/htdocs/exhibition/Application/Common/Conf/debug.php 第 3 行.
NOTIC: [8] Use of undefined constant age - assumed 'age' /Applications/XAMPP/xamppfiles/htdocs/exhibition/Application/Common/Conf/debug.php 第 4 行.

[ 2015-10-26T22:59:02+08:00 ] ::1 /exhibition/index.php/Admin/
NOTIC: [8] Use of undefined constant name - assumed 'name' /Applications/XAMPP/xamppfiles/htdocs/exhibition/Application/Common/Conf/debug.php 第 3 行.
NOTIC: [8] Use of undefined constant age - assumed 'age' /Applications/XAMPP/xamppfiles/htdocs/exhibition/Application/Common/Conf/debug.php 第 4 行.

[ 2015-10-26T22:59:15+08:00 ] ::1 /exhibition//index.php/Admin/index/teamAdd
NOTIC: [8] Use of undefined constant name - assumed 'name' /Applications/XAMPP/xamppfiles/htdocs/exhibition/Application/Common/Conf/debug.php 第 3 行.
NOTIC: [8] Use of undefined constant age - assumed 'age' /Applications/XAMPP/xamppfiles/htdocs/exhibition/Application/Common/Conf/debug.php 第 4 行.

[ 2015-10-26T22:59:16+08:00 ] ::1 /exhibition/index.php/Admin/
NOTIC: [8] Use of undefined constant name - assumed 'name' /Applications/XAMPP/xamppfiles/htdocs/exhibition/Application/Common/Conf/debug.php 第 3 行.
NOTIC: [8] Use of undefined constant age - assumed 'age' /Applications/XAMPP/xamppfiles/htdocs/exhibition/Application/Common/Conf/debug.php 第 4 行.

